<?xml version="1.0" encoding="UTF-8"?>
<!-- Generated by org.testng.reporters.JUnitReportReporter -->
<testsuite hostname="DESKTOP-AI6NF5T" failures="0" tests="1" name="demoJenkins.Demo" time="7.661" errors="0" timestamp="28 Feb 2024 06:39:37 GMT" skipped="0">
  <testcase classname="demoJenkins.Demo" name="lunchBrowser" time="7.661"/>
</testsuite> <!-- demoJenkins.Demo -->
