<?xml version="1.0" encoding="UTF-8"?>
<!-- Generated by org.testng.reporters.JUnitReportReporter -->
<testsuite hostname="DESKTOP-AI6NF5T" failures="0" tests="1" name="demoJenkins.Demo" time="3.851" errors="0" timestamp="28 Feb 2024 07:06:34 GMT" skipped="0">
  <testcase classname="demoJenkins.Demo" name="lunchBrowser" time="3.851"/>
</testsuite> <!-- demoJenkins.Demo -->
