<?xml version="1.0" encoding="UTF-8"?>
<!-- Generated by org.testng.reporters.JUnitReportReporter -->
<testsuite hostname="DESKTOP-AI6NF5T" failures="0" tests="1" name="demoJenkins.Demo" time="8.513" errors="0" timestamp="29 Feb 2024 05:14:55 GMT" skipped="0">
  <testcase classname="demoJenkins.Demo" name="lunchBrowser" time="8.513"/>
</testsuite> <!-- demoJenkins.Demo -->
